<?xml version="1.0" encoding="utf-8"?><testsuites name="pytest tests"><testsuite name="pytest" errors="0" failures="0" skipped="0" tests="4" time="1.729" timestamp="2026-06-11T19:36:54.400050+00:00" hostname="agent-env-ea221f5c-f76a-4d21-af9b-21e4aa3d4eee"><testcase classname="backend.tests.test_hr_workout_complete" name="test_no_auth_returns_401" time="0.351" /><testcase classname="backend.tests.test_hr_workout_complete" name="test_complete_workout_without_hr_data" time="0.711" /><testcase classname="backend.tests.test_hr_workout_complete" name="test_complete_workout_with_hr_data_and_get" time="0.293" /><testcase classname="backend.tests.test_hr_workout_complete" name="test_get_workout_not_found" time="0.123" /></testsuite></testsuites>