<?xml version="1.0" encoding="utf-8"?><testsuites name="pytest tests"><testsuite name="pytest" errors="1" failures="3" skipped="0" tests="22" time="184.949" timestamp="2026-04-17T21:54:30.105358+00:00" hostname="agent-env-ea221f5c-f76a-4d21-af9b-21e4aa3d4eee"><testcase classname="tests.test_runhub_api.TestAuth" name="test_health_check" time="0.338" /><testcase classname="tests.test_runhub_api.TestAuth" name="test_register_success" time="0.284" /><testcase classname="tests.test_runhub_api.TestAuth" name="test_register_duplicate_email" time="0.055" /><testcase classname="tests.test_runhub_api.TestAuth" name="test_login_success" time="0.282" /><testcase classname="tests.test_runhub_api.TestAuth" name="test_login_wrong_password" time="0.283" /><testcase classname="tests.test_runhub_api.TestAuth" name="test_auth_me_with_token" time="0.334" /><testcase classname="tests.test_runhub_api.TestAuth" name="test_auth_me_without_token" time="0.051"><failure message="assert 200 == 401&#10; +  where 200 = &lt;Response [200]&gt;.status_code">tests/test_runhub_api.py:123: in test_auth_me_without_token
    assert response.status_code == 401
E   assert 200 == 401
E    +  where 200 = &lt;Response [200]&gt;.status_code</failure></testcase><testcase classname="tests.test_runhub_api.TestPlans" name="test_list_plans" time="0.053" /><testcase classname="tests.test_runhub_api.TestPlans" name="test_get_plan_beginner_5k" time="0.055" /><testcase classname="tests.test_runhub_api.TestPlans" name="test_get_plan_intermediate_10k" time="0.081" /><testcase classname="tests.test_runhub_api.TestPlans" name="test_get_plan_expert_half" time="0.053" /><testcase classname="tests.test_runhub_api.TestPlans" name="test_get_plan_not_found" time="0.056" /><testcase classname="tests.test_runhub_api.TestPlans" name="test_ai_generate_plan_premium_user" time="60.050"><failure message="assert 502 == 200&#10; +  where 502 = &lt;Response [502]&gt;.status_code">tests/test_runhub_api.py:222: in test_ai_generate_plan_premium_user
    assert response.status_code == 200
E   assert 502 == 200
E    +  where 502 = &lt;Response [502]&gt;.status_code</failure></testcase><testcase classname="tests.test_runhub_api.TestPlans" name="test_ai_generate_plan_non_premium_user" time="60.164"><error message="failed on setup with &quot;AssertionError: Registration failed: The preview environment is not responding. It may be starting up.&#10;  &#10;assert 502 == 200&#10; +  where 502 = &lt;Response [502]&gt;.status_code&quot;">tests/test_runhub_api.py:48: in test_user_token
    assert response.status_code == 200, f"Registration failed: {response.text}"
E   AssertionError: Registration failed: The preview environment is not responding. It may be starting up.
E     
E   assert 502 == 200
E    +  where 502 = &lt;Response [502]&gt;.status_code</error></testcase><testcase classname="tests.test_runhub_api.TestWorkouts" name="test_complete_workout_and_verify" time="60.129"><failure message="assert 502 == 200&#10; +  where 502 = &lt;Response [502]&gt;.status_code">tests/test_runhub_api.py:276: in test_complete_workout_and_verify
    assert response.status_code == 200
E   assert 502 == 200
E    +  where 502 = &lt;Response [502]&gt;.status_code</failure></testcase><testcase classname="tests.test_runhub_api.TestWorkouts" name="test_workouts_history" time="1.579" /><testcase classname="tests.test_runhub_api.TestWorkouts" name="test_workout_detail_not_found" time="0.056" /><testcase classname="tests.test_runhub_api.TestStats" name="test_stats_progress" time="0.058" /><testcase classname="tests.test_runhub_api.TestStats" name="test_update_goals_and_verify" time="0.147" /><testcase classname="tests.test_runhub_api.TestStripe" name="test_stripe_packages" time="0.052" /><testcase classname="tests.test_runhub_api.TestStripe" name="test_stripe_checkout_creates_session" time="0.600" /><testcase classname="tests.test_runhub_api.TestStripe" name="test_stripe_checkout_invalid_package" time="0.049" /></testsuite></testsuites>