<?xml version="1.0" encoding="utf-8"?><testsuites name="pytest tests"><testsuite name="pytest" errors="0" failures="0" skipped="0" tests="21" time="5.876" timestamp="2026-04-18T05:27:54.220503+00:00" hostname="agent-env-ea221f5c-f76a-4d21-af9b-21e4aa3d4eee"><testcase classname="test_runhub_iteration2.TestTierSystem" name="test_admin_is_elite_tier" time="0.545" /><testcase classname="test_runhub_iteration2.TestTierSystem" name="test_new_user_is_free_tier" time="0.480" /><testcase classname="test_runhub_iteration2.TestStripePackages" name="test_stripe_packages_count_and_structure" time="0.102" /><testcase classname="test_runhub_iteration2.TestStripePackages" name="test_stripe_packages_prices" time="0.163" /><testcase classname="test_runhub_iteration2.TestStripePackages" name="test_stripe_checkout_performance_yearly" time="0.653" /><testcase classname="test_runhub_iteration2.TestPlans" name="test_plans_count_and_locked_field" time="0.120" /><testcase classname="test_runhub_iteration2.TestPlans" name="test_plans_tier_distribution" time="0.132" /><testcase classname="test_runhub_iteration2.TestPlans" name="test_get_performance_plan_as_elite_user" time="0.104" /><testcase classname="test_runhub_iteration2.TestPlans" name="test_get_performance_plan_as_free_user_fails" time="0.106" /><testcase classname="test_runhub_iteration2.TestPlans" name="test_all_performance_plan_ids" time="0.101" /><testcase classname="test_runhub_iteration2.TestRacePredictor" name="test_race_predictor_with_elite_user" time="0.103" /><testcase classname="test_runhub_iteration2.TestRacePredictor" name="test_race_predictor_with_free_user_fails" time="0.125" /><testcase classname="test_runhub_iteration2.TestRacePredictor" name="test_race_predictor_invalid_data" time="0.149" /><testcase classname="test_runhub_iteration2.TestWeeklyStats" name="test_weekly_stats_with_elite_user" time="0.111" /><testcase classname="test_runhub_iteration2.TestWeeklyStats" name="test_weekly_stats_with_free_user_fails" time="0.119" /><testcase classname="test_runhub_iteration2.TestCoachAthletes" name="test_coach_list_athletes_as_elite" time="0.101" /><testcase classname="test_runhub_iteration2.TestCoachAthletes" name="test_coach_add_athlete_and_verify" time="0.168" /><testcase classname="test_runhub_iteration2.TestCoachAthletes" name="test_coach_remove_athlete" time="0.209" /><testcase classname="test_runhub_iteration2.TestCoachAthletes" name="test_coach_endpoints_blocked_for_free_user" time="0.153" /><testcase classname="test_runhub_iteration2.TestWorkoutsHistoryLimit" name="test_free_user_workouts_history_limit" time="1.888" /><testcase classname="test_runhub_iteration2.TestWorkoutsHistoryLimit" name="test_elite_user_workouts_history_unlimited" time="0.130" /></testsuite></testsuites>