<?xml version="1.0" encoding="utf-8"?><testsuites name="pytest tests"><testsuite name="pytest" errors="0" failures="0" skipped="0" tests="7" time="3.238" timestamp="2026-06-11T17:42:08.260120+00:00" hostname="agent-env-ea221f5c-f76a-4d21-af9b-21e4aa3d4eee"><testcase classname="backend.tests.test_weather_endpoint.TestWeatherEndpoint" name="test_weather_no_auth_returns_401" time="0.313" /><testcase classname="backend.tests.test_weather_endpoint.TestWeatherEndpoint" name="test_weather_rome_returns_valid_shape" time="1.058" /><testcase classname="backend.tests.test_weather_endpoint.TestWeatherEndpoint" name="test_weather_with_timestamp_param" time="0.639" /><testcase classname="backend.tests.test_weather_endpoint.TestWeatherEndpoint" name="test_weather_invalid_lat_lon_does_not_crash" time="0.653" /><testcase classname="backend.tests.test_weather_endpoint.TestRegressionSmoke" name="test_health" time="0.119" /><testcase classname="backend.tests.test_weather_endpoint.TestRegressionSmoke" name="test_auth_me_admin" time="0.101" /><testcase classname="backend.tests.test_weather_endpoint.TestRegressionSmoke" name="test_lab_overview_admin" time="0.125" /></testsuite></testsuites>